********************************************************************************
DUPLICATOR-LITE PACKAGE-LOG: 2 June 2021 9h09
NOTICE: Do NOT post to public sites or forums 
********************************************************************************
VERSION:	1.4.1
WORDPRESS:	5.7.2
PHP INFO:	7.4.12 | SAPI: apache2handler
SERVER:		Apache/2.4.46 (Unix) OpenSSL/1.0.2u PHP/7.4.12 mod_wsgi/3.5 Python/2.7.13 mod_fastcgi/mod_fastcgi-SNAP-0910052141 mod_perl/2.0.11 Perl/v5.30.1 
PHP TIME LIMIT: (0) no time limit imposed 
PHP MAX MEMORY: 4294967296 (128M default) 
MEMORY STACK: 11MB

********************************************************************************
DATABASE:
********************************************************************************
BUILD MODE:   PHP(query limit - 100)
MYSQLTIMEOUT: 5000
MYSQLDUMP:    Not Supported
TABLES: total:82 | filtered:0 | create:82
FILTERED: []
SQL CREATED: 20210602_floriworld_ac0e87a11fc3d7e41988_20210602090817_database.sql
SQL FILE SIZE: 2.91MB (3052965)
SQL FILE TIME: 2021-06-02 09:09:12
SQL RUNTIME: 0.42 sec.

********************************************************************************
ARCHIVE (ZIP):
********************************************************************************
ARCHIVE DIR:  /Applications/MAMP/htdocs/wordpress
ARCHIVE FILE: 20210602_floriworld_ac0e87a11fc3d7e41988_20210602090817_archive.zip
FILTERS: *OFF*
DIRS:
	not set
FILES:
	not set
EXTS:  not set
----------------------------------------
COMPRESSING
SIZE:	192.55MB
STATS:	Dirs 2,294 | Files 14,523
SQL ADDED: 20210602_floriworld_ac0e87a11fc3d7e41988_20210602090817_database.sql
ZipArchive Object
(
    [status] => 0
    [statusSys] => 0
    [numFiles] => 16817
    [filename] => /Applications/MAMP/htdocs/wordpress/wp-content/backups-dup-lite/tmp/20210602_floriworld_ac0e87a11fc3d7e41988_20210602090817_archive.zip
    [comment] => 
)

FILE ADDED TO ZIP: 16816
COMPRESSION RESULT: '1'
COMPRESSED SIZE: 73.54MB
ARCHIVE RUNTIME: 36.70 sec.
MEMORY STACK: 17.26MB
building installer
add_extra_files1
add_extra_files2
add_extra_files3
add_extra_files4
Doing archive file check
add_extra_files5
add_extra_files6
add_extra_files8
Successfully opened zip /Applications/MAMP/htdocs/wordpress/wp-content/backups-dup-lite/tmp/20210602_floriworld_ac0e87a11fc3d7e41988_20210602090817_archive.zip
Adding enhanced installer files to archive using ZipArchive
Installer files added to archive
Added to archive
After ziparchive close when adding installer

********************************************************************************
INTEGRITY CHECKS:
********************************************************************************
SQL FILE: 2.91MB
INSTALLER FILE: 64.14KB
ARCHIVE FILE: 75MB 
COMPTE ATTENDU DE FICHIERS/RÉPERTOIRES : 16,817
COMPTE ACTUEL DE FICHIERS/RÉPERTOIRES : 16,816
TEST DE COHÉRENCE D’ARCHIVE : Bon

********************************************************************************
RECORD ID:[1]
TOTAL PROCESS RUNTIME: 46.33 sec.
PEAK PHP MEMORY USED: 21.26MB
DONE PROCESSING => 20210602_floriworld 2 June 2021 9h09

